Determining if the pthread_create exist failed with the following output:
Change Dir: /home/tthmatt/Omron_MoMa_ROS/build/moma/CMakeFiles/CMakeTmp

Run Build Command:"/usr/bin/make" "cmTC_52a8a/fast"
/usr/bin/make -f CMakeFiles/cmTC_52a8a.dir/build.make CMakeFiles/cmTC_52a8a.dir/build
make[1]: Entering directory '/home/tthmatt/Omron_MoMa_ROS/build/moma/CMakeFiles/CMakeTmp'
Building C object CMakeFiles/cmTC_52a8a.dir/CheckSymbolExists.c.o
/usr/bin/cc    -o CMakeFiles/cmTC_52a8a.dir/CheckSymbolExists.c.o   -c /home/tthmatt/Omron_MoMa_ROS/build/moma/CMakeFiles/CMakeTmp/CheckSymbolExists.c
Linking C executable cmTC_52a8a
/usr/bin/cmake -E cmake_link_script CMakeFiles/cmTC_52a8a.dir/link.txt --verbose=1
/usr/bin/cc      -rdynamic CMakeFiles/cmTC_52a8a.dir/CheckSymbolExists.c.o  -o cmTC_52a8a 
CMakeFiles/cmTC_52a8a.dir/CheckSymbolExists.c.o: In function `main':
CheckSymbolExists.c:(.text+0x1b): undefined reference to `pthread_create'
collect2: error: ld returned 1 exit status
CMakeFiles/cmTC_52a8a.dir/build.make:97: recipe for target 'cmTC_52a8a' failed
make[1]: *** [cmTC_52a8a] Error 1
make[1]: Leaving directory '/home/tthmatt/Omron_MoMa_ROS/build/moma/CMakeFiles/CMakeTmp'
Makefile:126: recipe for target 'cmTC_52a8a/fast' failed
make: *** [cmTC_52a8a/fast] Error 2

File /home/tthmatt/Omron_MoMa_ROS/build/moma/CMakeFiles/CMakeTmp/CheckSymbolExists.c:
/* */
#include <pthread.h>

int main(int argc, char** argv)
{
  (void)argv;
#ifndef pthread_create
  return ((int*)(&pthread_create))[argc];
#else
  (void)argc;
  return 0;
#endif
}

Determining if the function pthread_create exists in the pthreads failed with the following output:
Change Dir: /home/tthmatt/Omron_MoMa_ROS/build/moma/CMakeFiles/CMakeTmp

Run Build Command:"/usr/bin/make" "cmTC_2319e/fast"
/usr/bin/make -f CMakeFiles/cmTC_2319e.dir/build.make CMakeFiles/cmTC_2319e.dir/build
make[1]: Entering directory '/home/tthmatt/Omron_MoMa_ROS/build/moma/CMakeFiles/CMakeTmp'
Building C object CMakeFiles/cmTC_2319e.dir/CheckFunctionExists.c.o
/usr/bin/cc   -DCHECK_FUNCTION_EXISTS=pthread_create   -o CMakeFiles/cmTC_2319e.dir/CheckFunctionExists.c.o   -c /usr/share/cmake-3.10/Modules/CheckFunctionExists.c
Linking C executable cmTC_2319e
/usr/bin/cmake -E cmake_link_script CMakeFiles/cmTC_2319e.dir/link.txt --verbose=1
/usr/bin/cc  -DCHECK_FUNCTION_EXISTS=pthread_create    -rdynamic CMakeFiles/cmTC_2319e.dir/CheckFunctionExists.c.o  -o cmTC_2319e -lpthreads 
/usr/bin/ld: cannot find -lpthreads
collect2: error: ld returned 1 exit status
CMakeFiles/cmTC_2319e.dir/build.make:97: recipe for target 'cmTC_2319e' failed
make[1]: *** [cmTC_2319e] Error 1
make[1]: Leaving directory '/home/tthmatt/Omron_MoMa_ROS/build/moma/CMakeFiles/CMakeTmp'
Makefile:126: recipe for target 'cmTC_2319e/fast' failed
make: *** [cmTC_2319e/fast] Error 2


